{"C:\\Users\\User\\Desktop\\custom_lodash\\src\\chunk.js": {"path":"C:\\Users\\User\\Desktop\\custom_lodash\\src\\chunk.js","statementMap":{"0":{"start":{"line":17,"column":17},"end":{"line":17,"column":18}},"1":{"start":{"line":18,"column":4},"end":{"line":20,"column":5}},"2":{"start":{"line":19,"column":8},"end":{"line":19,"column":17}},"3":{"start":{"line":21,"column":15},"end":{"line":33,"column":5}},"4":{"start":{"line":22,"column":21},"end":{"line":22,"column":23}},"5":{"start":{"line":23,"column":8},"end":{"line":31,"column":9}},"6":{"start":{"line":23,"column":21},"end":{"line":23,"column":22}},"7":{"start":{"line":24,"column":12},"end":{"line":29,"column":13}},"8":{"start":{"line":25,"column":16},"end":{"line":25,"column":36}},"9":{"start":{"line":28,"column":16},"end":{"line":28,"column":29}},"10":{"start":{"line":30,"column":12},"end":{"line":30,"column":31}},"11":{"start":{"line":32,"column":8},"end":{"line":32,"column":22}},"12":{"start":{"line":34,"column":14},"end":{"line":34,"column":25}},"13":{"start":{"line":35,"column":22},"end":{"line":35,"column":24}},"14":{"start":{"line":36,"column":4},"end":{"line":39,"column":5}},"15":{"start":{"line":36,"column":17},"end":{"line":36,"column":18}},"16":{"start":{"line":37,"column":25},"end":{"line":37,"column":61}},"17":{"start":{"line":38,"column":8},"end":{"line":38,"column":50}},"18":{"start":{"line":40,"column":4},"end":{"line":40,"column":23}},"19":{"start":{"line":42,"column":0},"end":{"line":42,"column":23}}},"fnMap":{"0":{"name":"chunk","decl":{"start":{"line":16,"column":9},"end":{"line":16,"column":14}},"loc":{"start":{"line":16,"column":32},"end":{"line":41,"column":1}},"line":16},"1":{"name":"(anonymous_1)","decl":{"start":{"line":21,"column":15},"end":{"line":21,"column":16}},"loc":{"start":{"line":21,"column":42},"end":{"line":33,"column":5}},"line":21}},"branchMap":{"0":{"loc":{"start":{"line":16,"column":22},"end":{"line":16,"column":30}},"type":"default-arg","locations":[{"start":{"line":16,"column":29},"end":{"line":16,"column":30}}],"line":16},"1":{"loc":{"start":{"line":21,"column":23},"end":{"line":21,"column":37}},"type":"default-arg","locations":[{"start":{"line":21,"column":35},"end":{"line":21,"column":37}}],"line":21},"2":{"loc":{"start":{"line":24,"column":12},"end":{"line":29,"column":13}},"type":"if","locations":[{"start":{"line":24,"column":12},"end":{"line":29,"column":13}},{"start":{"line":27,"column":17},"end":{"line":29,"column":13}}],"line":24}},"s":{"0":3,"1":3,"2":12,"3":3,"4":3,"5":3,"6":3,"7":12,"8":9,"9":3,"10":12,"11":3,"12":3,"13":3,"14":3,"15":3,"16":8,"17":8,"18":3,"19":1},"f":{"0":3,"1":3},"b":{"0":[1],"1":[3],"2":[9,3]},"_coverageSchema":"1a1c01bbd47fc00a2c39e90264f33305004495a9","hash":"5209548f6a33eb385336de9b8cb9eba4a3815763"}
,"C:\\Users\\User\\Desktop\\custom_lodash\\src\\compact.js": {"path":"C:\\Users\\User\\Desktop\\custom_lodash\\src\\compact.js","statementMap":{"0":{"start":{"line":15,"column":17},"end":{"line":15,"column":18}},"1":{"start":{"line":16,"column":14},"end":{"line":16,"column":16}},"2":{"start":{"line":18,"column":4},"end":{"line":20,"column":5}},"3":{"start":{"line":19,"column":8},"end":{"line":19,"column":17}},"4":{"start":{"line":21,"column":4},"end":{"line":26,"column":5}},"5":{"start":{"line":21,"column":17},"end":{"line":21,"column":18}},"6":{"start":{"line":22,"column":8},"end":{"line":22,"column":34}},"7":{"start":{"line":23,"column":8},"end":{"line":25,"column":9}},"8":{"start":{"line":24,"column":12},"end":{"line":24,"column":37}},"9":{"start":{"line":27,"column":4},"end":{"line":27,"column":15}},"10":{"start":{"line":30,"column":0},"end":{"line":30,"column":25}}},"fnMap":{"0":{"name":"compact","decl":{"start":{"line":14,"column":9},"end":{"line":14,"column":16}},"loc":{"start":{"line":14,"column":24},"end":{"line":28,"column":1}},"line":14}},"branchMap":{"0":{"loc":{"start":{"line":23,"column":8},"end":{"line":25,"column":9}},"type":"if","locations":[{"start":{"line":23,"column":8},"end":{"line":25,"column":9}},{"start":{},"end":{}}],"line":23}},"s":{"0":2,"1":2,"2":2,"3":12,"4":2,"5":2,"6":12,"7":12,"8":5,"9":2,"10":1},"f":{"0":2},"b":{"0":[5,7]},"_coverageSchema":"1a1c01bbd47fc00a2c39e90264f33305004495a9","hash":"0899723e3a887a503c22ba94d77b71b9fc02a146"}
,"C:\\Users\\User\\Desktop\\custom_lodash\\src\\drop.js": {"path":"C:\\Users\\User\\Desktop\\custom_lodash\\src\\drop.js","statementMap":{"0":{"start":{"line":24,"column":17},"end":{"line":24,"column":18}},"1":{"start":{"line":25,"column":14},"end":{"line":25,"column":16}},"2":{"start":{"line":26,"column":4},"end":{"line":28,"column":5}},"3":{"start":{"line":27,"column":8},"end":{"line":27,"column":17}},"4":{"start":{"line":29,"column":4},"end":{"line":32,"column":5}},"5":{"start":{"line":29,"column":17},"end":{"line":29,"column":18}},"6":{"start":{"line":30,"column":17},"end":{"line":30,"column":25}},"7":{"start":{"line":31,"column":8},"end":{"line":31,"column":27}},"8":{"start":{"line":33,"column":4},"end":{"line":33,"column":15}},"9":{"start":{"line":36,"column":0},"end":{"line":36,"column":22}}},"fnMap":{"0":{"name":"drop","decl":{"start":{"line":23,"column":9},"end":{"line":23,"column":13}},"loc":{"start":{"line":23,"column":28},"end":{"line":34,"column":1}},"line":23}},"branchMap":{"0":{"loc":{"start":{"line":23,"column":21},"end":{"line":23,"column":26}},"type":"default-arg","locations":[{"start":{"line":23,"column":25},"end":{"line":23,"column":26}}],"line":23}},"s":{"0":4,"1":4,"2":4,"3":12,"4":4,"5":4,"6":6,"7":6,"8":4,"9":1},"f":{"0":4},"b":{"0":[1]},"_coverageSchema":"1a1c01bbd47fc00a2c39e90264f33305004495a9","hash":"494eb3ff97160342fa3677881ffea5daa2004153"}
,"C:\\Users\\User\\Desktop\\custom_lodash\\src\\dropWhile.js": {"path":"C:\\Users\\User\\Desktop\\custom_lodash\\src\\dropWhile.js","statementMap":{"0":{"start":{"line":2,"column":21},"end":{"line":2,"column":23}},"1":{"start":{"line":3,"column":16},"end":{"line":3,"column":17}},"2":{"start":{"line":4,"column":4},"end":{"line":20,"column":5}},"3":{"start":{"line":4,"column":17},"end":{"line":4,"column":18}},"4":{"start":{"line":5,"column":8},"end":{"line":7,"column":9}},"5":{"start":{"line":6,"column":12},"end":{"line":6,"column":43}},"6":{"start":{"line":8,"column":8},"end":{"line":14,"column":9}},"7":{"start":{"line":9,"column":12},"end":{"line":12,"column":13}},"8":{"start":{"line":11,"column":16},"end":{"line":11,"column":47}},"9":{"start":{"line":13,"column":12},"end":{"line":13,"column":21}},"10":{"start":{"line":15,"column":8},"end":{"line":19,"column":9}},"11":{"start":{"line":16,"column":12},"end":{"line":18,"column":13}},"12":{"start":{"line":17,"column":16},"end":{"line":17,"column":47}},"13":{"start":{"line":21,"column":4},"end":{"line":21,"column":22}},"14":{"start":{"line":24,"column":0},"end":{"line":24,"column":27}}},"fnMap":{"0":{"name":"dropWhile","decl":{"start":{"line":1,"column":9},"end":{"line":1,"column":18}},"loc":{"start":{"line":1,"column":36},"end":{"line":22,"column":1}},"line":1}},"branchMap":{"0":{"loc":{"start":{"line":5,"column":8},"end":{"line":7,"column":9}},"type":"if","locations":[{"start":{"line":5,"column":8},"end":{"line":7,"column":9}},{"start":{},"end":{}}],"line":5},"1":{"loc":{"start":{"line":5,"column":12},"end":{"line":5,"column":65}},"type":"binary-expr","locations":[{"start":{"line":5,"column":12},"end":{"line":5,"column":42}},{"start":{"line":5,"column":46},"end":{"line":5,"column":65}}],"line":5},"2":{"loc":{"start":{"line":8,"column":8},"end":{"line":14,"column":9}},"type":"if","locations":[{"start":{"line":8,"column":8},"end":{"line":14,"column":9}},{"start":{},"end":{}}],"line":8},"3":{"loc":{"start":{"line":9,"column":12},"end":{"line":12,"column":13}},"type":"if","locations":[{"start":{"line":9,"column":12},"end":{"line":12,"column":13}},{"start":{},"end":{}}],"line":9},"4":{"loc":{"start":{"line":9,"column":16},"end":{"line":10,"column":63}},"type":"binary-expr","locations":[{"start":{"line":9,"column":16},"end":{"line":9,"column":63}},{"start":{"line":10,"column":16},"end":{"line":10,"column":63}}],"line":9},"5":{"loc":{"start":{"line":15,"column":8},"end":{"line":19,"column":9}},"type":"if","locations":[{"start":{"line":15,"column":8},"end":{"line":19,"column":9}},{"start":{},"end":{}}],"line":15},"6":{"loc":{"start":{"line":15,"column":12},"end":{"line":15,"column":72}},"type":"binary-expr","locations":[{"start":{"line":15,"column":12},"end":{"line":15,"column":40}},{"start":{"line":15,"column":44},"end":{"line":15,"column":72}}],"line":15},"7":{"loc":{"start":{"line":16,"column":12},"end":{"line":18,"column":13}},"type":"if","locations":[{"start":{"line":16,"column":12},"end":{"line":18,"column":13}},{"start":{},"end":{}}],"line":16}},"s":{"0":4,"1":4,"2":4,"3":4,"4":12,"5":1,"6":12,"7":3,"8":1,"9":3,"10":9,"11":6,"12":5,"13":4,"14":1},"f":{"0":4},"b":{"0":[1,11],"1":[12,3],"2":[3,9],"3":[1,2],"4":[3,3],"5":[6,3],"6":[9,6],"7":[5,1]},"_coverageSchema":"1a1c01bbd47fc00a2c39e90264f33305004495a9","hash":"4b62e67c4faeb2d7eb959a4e7705d7a6fcee0acd"}
,"C:\\Users\\User\\Desktop\\custom_lodash\\src\\filter.js": {"path":"C:\\Users\\User\\Desktop\\custom_lodash\\src\\filter.js","statementMap":{"0":{"start":{"line":2,"column":2},"end":{"line":2,"column":26}},"1":{"start":{"line":3,"column":2},"end":{"line":3,"column":13}},"2":{"start":{"line":7,"column":17},"end":{"line":7,"column":19}},"3":{"start":{"line":8,"column":2},"end":{"line":12,"column":3}},"4":{"start":{"line":8,"column":15},"end":{"line":8,"column":16}},"5":{"start":{"line":9,"column":4},"end":{"line":11,"column":5}},"6":{"start":{"line":10,"column":6},"end":{"line":10,"column":33}},"7":{"start":{"line":13,"column":2},"end":{"line":13,"column":16}},"8":{"start":{"line":15,"column":0},"end":{"line":15,"column":24}}},"fnMap":{"0":{"name":"addToArray","decl":{"start":{"line":1,"column":9},"end":{"line":1,"column":19}},"loc":{"start":{"line":1,"column":32},"end":{"line":4,"column":1}},"line":1},"1":{"name":"filter","decl":{"start":{"line":6,"column":9},"end":{"line":6,"column":15}},"loc":{"start":{"line":6,"column":27},"end":{"line":14,"column":1}},"line":6}},"branchMap":{"0":{"loc":{"start":{"line":9,"column":4},"end":{"line":11,"column":5}},"type":"if","locations":[{"start":{"line":9,"column":4},"end":{"line":11,"column":5}},{"start":{},"end":{}}],"line":9}},"s":{"0":3,"1":3,"2":1,"3":1,"4":1,"5":6,"6":3,"7":1,"8":1},"f":{"0":3,"1":1},"b":{"0":[3,3]},"_coverageSchema":"1a1c01bbd47fc00a2c39e90264f33305004495a9","hash":"8e67e730425b4de2ab5ccc188692282e35907047"}
,"C:\\Users\\User\\Desktop\\custom_lodash\\src\\find.js": {"path":"C:\\Users\\User\\Desktop\\custom_lodash\\src\\find.js","statementMap":{"0":{"start":{"line":2,"column":17},"end":{"line":2,"column":18}},"1":{"start":{"line":3,"column":4},"end":{"line":5,"column":5}},"2":{"start":{"line":4,"column":6},"end":{"line":4,"column":18}},"3":{"start":{"line":6,"column":4},"end":{"line":6,"column":18}},"4":{"start":{"line":9,"column":13},"end":{"line":18,"column":3}},"5":{"start":{"line":10,"column":19},"end":{"line":10,"column":34}},"6":{"start":{"line":11,"column":4},"end":{"line":16,"column":5}},"7":{"start":{"line":11,"column":21},"end":{"line":11,"column":22}},"8":{"start":{"line":12,"column":20},"end":{"line":12,"column":32}},"9":{"start":{"line":13,"column":6},"end":{"line":15,"column":7}},"10":{"start":{"line":14,"column":8},"end":{"line":14,"column":28}},"11":{"start":{"line":17,"column":4},"end":{"line":17,"column":21}},"12":{"start":{"line":20,"column":2},"end":{"line":20,"column":24}}},"fnMap":{"0":{"name":"myLength","decl":{"start":{"line":1,"column":9},"end":{"line":1,"column":17}},"loc":{"start":{"line":1,"column":25},"end":{"line":7,"column":3}},"line":1},"1":{"name":"(anonymous_1)","decl":{"start":{"line":9,"column":13},"end":{"line":9,"column":14}},"loc":{"start":{"line":9,"column":34},"end":{"line":18,"column":3}},"line":9}},"branchMap":{"0":{"loc":{"start":{"line":13,"column":6},"end":{"line":15,"column":7}},"type":"if","locations":[{"start":{"line":13,"column":6},"end":{"line":15,"column":7}},{"start":{},"end":{}}],"line":13}},"s":{"0":2,"1":2,"2":10,"3":2,"4":1,"5":2,"6":2,"7":2,"8":9,"9":9,"10":1,"11":1,"12":1},"f":{"0":2,"1":2},"b":{"0":[1,8]},"_coverageSchema":"1a1c01bbd47fc00a2c39e90264f33305004495a9","hash":"2ccb09ff18ad9e0523aab9504f6ac785324b81b8"}
,"C:\\Users\\User\\Desktop\\custom_lodash\\src\\includes.js": {"path":"C:\\Users\\User\\Desktop\\custom_lodash\\src\\includes.js","statementMap":{"0":{"start":{"line":22,"column":4},"end":{"line":43,"column":5}},"1":{"start":{"line":23,"column":8},"end":{"line":23,"column":59}},"2":{"start":{"line":25,"column":9},"end":{"line":43,"column":5}},"3":{"start":{"line":26,"column":19},"end":{"line":26,"column":20}},"4":{"start":{"line":27,"column":8},"end":{"line":29,"column":9}},"5":{"start":{"line":28,"column":12},"end":{"line":28,"column":21}},"6":{"start":{"line":30,"column":8},"end":{"line":32,"column":9}},"7":{"start":{"line":30,"column":20},"end":{"line":30,"column":29}},"8":{"start":{"line":31,"column":12},"end":{"line":31,"column":43}},"9":{"start":{"line":35,"column":21},"end":{"line":35,"column":46}},"10":{"start":{"line":36,"column":21},"end":{"line":36,"column":22}},"11":{"start":{"line":37,"column":8},"end":{"line":39,"column":9}},"12":{"start":{"line":38,"column":12},"end":{"line":38,"column":21}},"13":{"start":{"line":40,"column":12},"end":{"line":42,"column":9}},"14":{"start":{"line":40,"column":25},"end":{"line":40,"column":34}},"15":{"start":{"line":41,"column":16},"end":{"line":41,"column":43}},"16":{"start":{"line":46,"column":0},"end":{"line":46,"column":26}}},"fnMap":{"0":{"name":"includes","decl":{"start":{"line":21,"column":9},"end":{"line":21,"column":17}},"loc":{"start":{"line":21,"column":52},"end":{"line":44,"column":1}},"line":21}},"branchMap":{"0":{"loc":{"start":{"line":21,"column":37},"end":{"line":21,"column":50}},"type":"default-arg","locations":[{"start":{"line":21,"column":49},"end":{"line":21,"column":50}}],"line":21},"1":{"loc":{"start":{"line":22,"column":4},"end":{"line":43,"column":5}},"type":"if","locations":[{"start":{"line":22,"column":4},"end":{"line":43,"column":5}},{"start":{"line":25,"column":9},"end":{"line":43,"column":5}}],"line":22},"2":{"loc":{"start":{"line":25,"column":9},"end":{"line":43,"column":5}},"type":"if","locations":[{"start":{"line":25,"column":9},"end":{"line":43,"column":5}},{"start":{"line":34,"column":9},"end":{"line":43,"column":5}}],"line":25}},"s":{"0":4,"1":1,"2":3,"3":2,"4":2,"5":6,"6":2,"7":2,"8":2,"9":1,"10":1,"11":1,"12":2,"13":1,"14":1,"15":1,"16":1},"f":{"0":4},"b":{"0":[3],"1":[1,3],"2":[2,1]},"_coverageSchema":"1a1c01bbd47fc00a2c39e90264f33305004495a9","hash":"2fd756e7dd84fdb063a1e4dc367a4295a73c479c"}
,"C:\\Users\\User\\Desktop\\custom_lodash\\src\\map.js": {"path":"C:\\Users\\User\\Desktop\\custom_lodash\\src\\map.js","statementMap":{"0":{"start":{"line":32,"column":15},"end":{"line":32,"column":16}},"1":{"start":{"line":33,"column":2},"end":{"line":35,"column":3}},"2":{"start":{"line":34,"column":4},"end":{"line":34,"column":16}},"3":{"start":{"line":36,"column":2},"end":{"line":36,"column":16}},"4":{"start":{"line":39,"column":12},"end":{"line":47,"column":1}},"5":{"start":{"line":40,"column":17},"end":{"line":40,"column":19}},"6":{"start":{"line":41,"column":17},"end":{"line":41,"column":32}},"7":{"start":{"line":42,"column":2},"end":{"line":45,"column":3}},"8":{"start":{"line":42,"column":19},"end":{"line":42,"column":20}},"9":{"start":{"line":43,"column":18},"end":{"line":43,"column":30}},"10":{"start":{"line":44,"column":4},"end":{"line":44,"column":50}},"11":{"start":{"line":46,"column":2},"end":{"line":46,"column":16}},"12":{"start":{"line":49,"column":0},"end":{"line":49,"column":21}}},"fnMap":{"0":{"name":"myLength","decl":{"start":{"line":31,"column":9},"end":{"line":31,"column":17}},"loc":{"start":{"line":31,"column":25},"end":{"line":37,"column":1}},"line":31},"1":{"name":"(anonymous_1)","decl":{"start":{"line":39,"column":12},"end":{"line":39,"column":13}},"loc":{"start":{"line":39,"column":33},"end":{"line":47,"column":1}},"line":39}},"branchMap":{},"s":{"0":1,"1":1,"2":3,"3":1,"4":1,"5":1,"6":1,"7":1,"8":1,"9":3,"10":3,"11":1,"12":1},"f":{"0":1,"1":1},"b":{},"_coverageSchema":"1a1c01bbd47fc00a2c39e90264f33305004495a9","hash":"da92b46cd4d874b088236c7770548dcfc8049d03"}
,"C:\\Users\\User\\Desktop\\custom_lodash\\src\\merge.js": {"path":"C:\\Users\\User\\Desktop\\custom_lodash\\src\\merge.js","statementMap":{"0":{"start":{"line":31,"column":2},"end":{"line":33,"column":3}},"1":{"start":{"line":32,"column":4},"end":{"line":32,"column":29}},"2":{"start":{"line":34,"column":2},"end":{"line":34,"column":16}},"3":{"start":{"line":37,"column":0},"end":{"line":37,"column":23}}},"fnMap":{"0":{"name":"merge","decl":{"start":{"line":30,"column":9},"end":{"line":30,"column":14}},"loc":{"start":{"line":30,"column":30},"end":{"line":35,"column":1}},"line":30}},"branchMap":{},"s":{"0":3,"1":8,"2":3,"3":1},"f":{"0":3},"b":{},"_coverageSchema":"1a1c01bbd47fc00a2c39e90264f33305004495a9","hash":"39c5b67936bbd14ea38201f720aaf0f6506a804a"}
,"C:\\Users\\User\\Desktop\\custom_lodash\\src\\omit.js": {"path":"C:\\Users\\User\\Desktop\\custom_lodash\\src\\omit.js","statementMap":{"0":{"start":{"line":20,"column":16},"end":{"line":20,"column":22}},"1":{"start":{"line":21,"column":4},"end":{"line":28,"column":5}},"2":{"start":{"line":22,"column":8},"end":{"line":27,"column":9}},"3":{"start":{"line":23,"column":12},"end":{"line":26,"column":13}},"4":{"start":{"line":24,"column":16},"end":{"line":24,"column":41}},"5":{"start":{"line":25,"column":16},"end":{"line":25,"column":33}},"6":{"start":{"line":29,"column":4},"end":{"line":29,"column":15}},"7":{"start":{"line":32,"column":0},"end":{"line":32,"column":22}}},"fnMap":{"0":{"name":"omit","decl":{"start":{"line":19,"column":9},"end":{"line":19,"column":13}},"loc":{"start":{"line":19,"column":29},"end":{"line":30,"column":1}},"line":19}},"branchMap":{"0":{"loc":{"start":{"line":23,"column":12},"end":{"line":26,"column":13}},"type":"if","locations":[{"start":{"line":23,"column":12},"end":{"line":26,"column":13}},{"start":{},"end":{}}],"line":23}},"s":{"0":1,"1":1,"2":3,"3":6,"4":2,"5":2,"6":1,"7":1},"f":{"0":1},"b":{"0":[2,4]},"_coverageSchema":"1a1c01bbd47fc00a2c39e90264f33305004495a9","hash":"609243112db52e87ea9dde1736dccfc34f7741af"}
,"C:\\Users\\User\\Desktop\\custom_lodash\\src\\omitBy.js": {"path":"C:\\Users\\User\\Desktop\\custom_lodash\\src\\omitBy.js","statementMap":{"0":{"start":{"line":18,"column":15},"end":{"line":26,"column":1}},"1":{"start":{"line":19,"column":19},"end":{"line":19,"column":21}},"2":{"start":{"line":20,"column":4},"end":{"line":24,"column":5}},"3":{"start":{"line":21,"column":8},"end":{"line":23,"column":9}},"4":{"start":{"line":22,"column":12},"end":{"line":22,"column":35}},"5":{"start":{"line":25,"column":4},"end":{"line":25,"column":18}},"6":{"start":{"line":28,"column":0},"end":{"line":28,"column":24}}},"fnMap":{"0":{"name":"(anonymous_0)","decl":{"start":{"line":18,"column":15},"end":{"line":18,"column":16}},"loc":{"start":{"line":18,"column":30},"end":{"line":26,"column":1}},"line":18}},"branchMap":{"0":{"loc":{"start":{"line":21,"column":8},"end":{"line":23,"column":9}},"type":"if","locations":[{"start":{"line":21,"column":8},"end":{"line":23,"column":9}},{"start":{},"end":{}}],"line":21}},"s":{"0":1,"1":1,"2":1,"3":5,"4":2,"5":1,"6":1},"f":{"0":1},"b":{"0":[2,3]},"_coverageSchema":"1a1c01bbd47fc00a2c39e90264f33305004495a9","hash":"3ba827be1400df74f108326e62dda43efaee188e"}
,"C:\\Users\\User\\Desktop\\custom_lodash\\src\\pick.js": {"path":"C:\\Users\\User\\Desktop\\custom_lodash\\src\\pick.js","statementMap":{"0":{"start":{"line":19,"column":16},"end":{"line":19,"column":18}},"1":{"start":{"line":20,"column":4},"end":{"line":26,"column":5}},"2":{"start":{"line":21,"column":8},"end":{"line":25,"column":9}},"3":{"start":{"line":22,"column":12},"end":{"line":24,"column":13}},"4":{"start":{"line":23,"column":16},"end":{"line":23,"column":40}},"5":{"start":{"line":27,"column":4},"end":{"line":27,"column":15}},"6":{"start":{"line":29,"column":0},"end":{"line":29,"column":22}}},"fnMap":{"0":{"name":"pick","decl":{"start":{"line":18,"column":9},"end":{"line":18,"column":13}},"loc":{"start":{"line":18,"column":29},"end":{"line":28,"column":1}},"line":18}},"branchMap":{"0":{"loc":{"start":{"line":22,"column":12},"end":{"line":24,"column":13}},"type":"if","locations":[{"start":{"line":22,"column":12},"end":{"line":24,"column":13}},{"start":{},"end":{}}],"line":22}},"s":{"0":1,"1":1,"2":3,"3":6,"4":2,"5":1,"6":1},"f":{"0":1},"b":{"0":[2,4]},"_coverageSchema":"1a1c01bbd47fc00a2c39e90264f33305004495a9","hash":"cf54fde1776b3d42601230539a42f3ccf69413d9"}
,"C:\\Users\\User\\Desktop\\custom_lodash\\src\\pickBy.js": {"path":"C:\\Users\\User\\Desktop\\custom_lodash\\src\\pickBy.js","statementMap":{"0":{"start":{"line":17,"column":18},"end":{"line":25,"column":3}},"1":{"start":{"line":18,"column":19},"end":{"line":18,"column":21}},"2":{"start":{"line":19,"column":4},"end":{"line":23,"column":5}},"3":{"start":{"line":20,"column":6},"end":{"line":22,"column":7}},"4":{"start":{"line":21,"column":8},"end":{"line":21,"column":31}},"5":{"start":{"line":24,"column":4},"end":{"line":24,"column":18}},"6":{"start":{"line":27,"column":2},"end":{"line":27,"column":26}}},"fnMap":{"0":{"name":"(anonymous_0)","decl":{"start":{"line":17,"column":18},"end":{"line":17,"column":19}},"loc":{"start":{"line":17,"column":33},"end":{"line":25,"column":3}},"line":17}},"branchMap":{"0":{"loc":{"start":{"line":20,"column":6},"end":{"line":22,"column":7}},"type":"if","locations":[{"start":{"line":20,"column":6},"end":{"line":22,"column":7}},{"start":{},"end":{}}],"line":20}},"s":{"0":1,"1":1,"2":1,"3":5,"4":3,"5":1,"6":1},"f":{"0":1},"b":{"0":[3,2]},"_coverageSchema":"1a1c01bbd47fc00a2c39e90264f33305004495a9","hash":"c452bd92d992b2af5ddc44d648c998361ba037aa"}
,"C:\\Users\\User\\Desktop\\custom_lodash\\src\\take.js": {"path":"C:\\Users\\User\\Desktop\\custom_lodash\\src\\take.js","statementMap":{"0":{"start":{"line":21,"column":17},"end":{"line":21,"column":18}},"1":{"start":{"line":22,"column":14},"end":{"line":22,"column":16}},"2":{"start":{"line":23,"column":4},"end":{"line":25,"column":5}},"3":{"start":{"line":24,"column":8},"end":{"line":24,"column":17}},"4":{"start":{"line":26,"column":4},"end":{"line":35,"column":5}},"5":{"start":{"line":27,"column":8},"end":{"line":27,"column":21}},"6":{"start":{"line":30,"column":8},"end":{"line":33,"column":9}},"7":{"start":{"line":30,"column":21},"end":{"line":30,"column":22}},"8":{"start":{"line":31,"column":21},"end":{"line":31,"column":29}},"9":{"start":{"line":32,"column":12},"end":{"line":32,"column":31}},"10":{"start":{"line":34,"column":8},"end":{"line":34,"column":19}},"11":{"start":{"line":38,"column":0},"end":{"line":38,"column":22}}},"fnMap":{"0":{"name":"take","decl":{"start":{"line":20,"column":9},"end":{"line":20,"column":13}},"loc":{"start":{"line":20,"column":28},"end":{"line":36,"column":1}},"line":20}},"branchMap":{"0":{"loc":{"start":{"line":20,"column":21},"end":{"line":20,"column":26}},"type":"default-arg","locations":[{"start":{"line":20,"column":25},"end":{"line":20,"column":26}}],"line":20},"1":{"loc":{"start":{"line":26,"column":4},"end":{"line":35,"column":5}},"type":"if","locations":[{"start":{"line":26,"column":4},"end":{"line":35,"column":5}},{"start":{"line":29,"column":9},"end":{"line":35,"column":5}}],"line":26}},"s":{"0":4,"1":4,"2":4,"3":12,"4":4,"5":1,"6":3,"7":3,"8":3,"9":3,"10":3,"11":1},"f":{"0":4},"b":{"0":[1],"1":[1,3]},"_coverageSchema":"1a1c01bbd47fc00a2c39e90264f33305004495a9","hash":"3caebc60cdbecd1a4157f263742b087a60d3a88c"}
,"C:\\Users\\User\\Desktop\\custom_lodash\\src\\toPairs.js": {"path":"C:\\Users\\User\\Desktop\\custom_lodash\\src\\toPairs.js","statementMap":{"0":{"start":{"line":23,"column":8},"end":{"line":23,"column":38}},"1":{"start":{"line":27,"column":0},"end":{"line":27,"column":25}}},"fnMap":{"0":{"name":"toPairs","decl":{"start":{"line":22,"column":9},"end":{"line":22,"column":16}},"loc":{"start":{"line":22,"column":25},"end":{"line":24,"column":1}},"line":22}},"branchMap":{},"s":{"0":2,"1":1},"f":{"0":2},"b":{},"_coverageSchema":"1a1c01bbd47fc00a2c39e90264f33305004495a9","hash":"f3a0f790c6ceb54bd0487ce96310772d0026f61b"}
,"C:\\Users\\User\\Desktop\\custom_lodash\\src\\zip.js": {"path":"C:\\Users\\User\\Desktop\\custom_lodash\\src\\zip.js","statementMap":{"0":{"start":{"line":15,"column":17},"end":{"line":15,"column":19}},"1":{"start":{"line":16,"column":19},"end":{"line":16,"column":21}},"2":{"start":{"line":17,"column":20},"end":{"line":17,"column":22}},"3":{"start":{"line":18,"column":17},"end":{"line":18,"column":18}},"4":{"start":{"line":19,"column":4},"end":{"line":21,"column":5}},"5":{"start":{"line":20,"column":8},"end":{"line":20,"column":17}},"6":{"start":{"line":22,"column":4},"end":{"line":24,"column":5}},"7":{"start":{"line":22,"column":16},"end":{"line":22,"column":17}},"8":{"start":{"line":23,"column":8},"end":{"line":23,"column":47}},"9":{"start":{"line":25,"column":4},"end":{"line":27,"column":5}},"10":{"start":{"line":25,"column":16},"end":{"line":25,"column":17}},"11":{"start":{"line":26,"column":8},"end":{"line":26,"column":49}},"12":{"start":{"line":28,"column":4},"end":{"line":28,"column":44}},"13":{"start":{"line":31,"column":0},"end":{"line":31,"column":21}}},"fnMap":{"0":{"name":"zip","decl":{"start":{"line":14,"column":9},"end":{"line":14,"column":12}},"loc":{"start":{"line":14,"column":24},"end":{"line":29,"column":1}},"line":14}},"branchMap":{},"s":{"0":3,"1":3,"2":3,"3":3,"4":3,"5":11,"6":3,"7":3,"8":11,"9":3,"10":3,"11":11,"12":3,"13":1},"f":{"0":3},"b":{},"_coverageSchema":"1a1c01bbd47fc00a2c39e90264f33305004495a9","hash":"426e982cdd056757888db1eaf247fa4538d43054"}
}
