TN:
SF:src\chunk.js
FN:16,chunk
FN:21,(anonymous_1)
FNF:2
FNH:2
FNDA:3,chunk
FNDA:3,(anonymous_1)
DA:17,3
DA:18,3
DA:19,12
DA:21,3
DA:22,3
DA:23,3
DA:24,12
DA:25,9
DA:28,3
DA:30,12
DA:32,3
DA:34,3
DA:35,3
DA:36,3
DA:37,8
DA:38,8
DA:40,3
DA:42,1
LF:18
LH:18
BRDA:16,0,0,1
BRDA:21,1,0,3
BRDA:24,2,0,9
BRDA:24,2,1,3
BRF:4
BRH:4
end_of_record
TN:
SF:src\compact.js
FN:14,compact
FNF:1
FNH:1
FNDA:2,compact
DA:15,2
DA:16,2
DA:18,2
DA:19,12
DA:21,2
DA:22,12
DA:23,12
DA:24,5
DA:27,2
DA:30,1
LF:10
LH:10
BRDA:23,0,0,5
BRDA:23,0,1,7
BRF:2
BRH:2
end_of_record
TN:
SF:src\drop.js
FN:23,drop
FNF:1
FNH:1
FNDA:4,drop
DA:24,4
DA:25,4
DA:26,4
DA:27,12
DA:29,4
DA:30,6
DA:31,6
DA:33,4
DA:36,1
LF:9
LH:9
BRDA:23,0,0,1
BRF:1
BRH:1
end_of_record
TN:
SF:src\includes.js
FN:21,includes
FNF:1
FNH:1
FNDA:4,includes
DA:22,4
DA:23,1
DA:25,3
DA:26,2
DA:27,2
DA:28,6
DA:30,2
DA:31,2
DA:35,1
DA:36,1
DA:37,1
DA:38,2
DA:40,1
DA:41,1
DA:46,1
LF:15
LH:15
BRDA:21,0,0,3
BRDA:22,1,0,1
BRDA:22,1,1,3
BRDA:25,2,0,2
BRDA:25,2,1,1
BRF:5
BRH:5
end_of_record
TN:
SF:src\merge.js
FN:30,merge
FNF:1
FNH:1
FNDA:3,merge
DA:31,3
DA:32,8
DA:34,3
DA:37,1
LF:4
LH:4
BRF:0
BRH:0
end_of_record
TN:
SF:src\omit.js
FN:19,omit
FNF:1
FNH:1
FNDA:1,omit
DA:20,1
DA:21,1
DA:22,3
DA:23,6
DA:24,2
DA:25,2
DA:29,1
DA:32,1
LF:8
LH:8
BRDA:23,0,0,2
BRDA:23,0,1,4
BRF:2
BRH:2
end_of_record
TN:
SF:src\omitBy.js
FN:18,(anonymous_0)
FNF:1
FNH:1
FNDA:1,(anonymous_0)
DA:18,1
DA:19,1
DA:20,1
DA:21,5
DA:22,2
DA:25,1
DA:28,1
LF:7
LH:7
BRDA:21,0,0,2
BRDA:21,0,1,3
BRF:2
BRH:2
end_of_record
TN:
SF:src\pick.js
FN:18,pick
FNF:1
FNH:1
FNDA:1,pick
DA:19,1
DA:20,1
DA:21,3
DA:22,6
DA:23,2
DA:27,1
DA:29,1
LF:7
LH:7
BRDA:22,0,0,2
BRDA:22,0,1,4
BRF:2
BRH:2
end_of_record
TN:
SF:src\pickBy.js
FN:17,(anonymous_0)
FNF:1
FNH:1
FNDA:1,(anonymous_0)
DA:17,1
DA:18,1
DA:19,1
DA:20,5
DA:21,3
DA:24,1
DA:27,1
LF:7
LH:7
BRDA:20,0,0,3
BRDA:20,0,1,2
BRF:2
BRH:2
end_of_record
TN:
SF:src\take.js
FN:20,take
FNF:1
FNH:1
FNDA:4,take
DA:21,4
DA:22,4
DA:23,4
DA:24,12
DA:26,4
DA:27,1
DA:30,3
DA:31,3
DA:32,3
DA:34,3
DA:38,1
LF:11
LH:11
BRDA:20,0,0,1
BRDA:26,1,0,1
BRDA:26,1,1,3
BRF:3
BRH:3
end_of_record
TN:
SF:src\toPairs.js
FN:22,toPairs
FNF:1
FNH:1
FNDA:2,toPairs
DA:23,2
DA:27,1
LF:2
LH:2
BRF:0
BRH:0
end_of_record
TN:
SF:src\zip.js
FN:14,zip
FNF:1
FNH:1
FNDA:3,zip
DA:15,3
DA:16,3
DA:17,3
DA:18,3
DA:19,3
DA:20,11
DA:22,3
DA:23,11
DA:25,3
DA:26,11
DA:28,3
DA:31,1
LF:12
LH:12
BRF:0
BRH:0
end_of_record
